CONNECTED(00000003)
---
Certificate chain
 0 s:C = MX, L = Ciudad De Mexico, O = SECRETARIA DE RELACIONES EXTERIORES, CN = *.sre.gob.mx
   i:C = US, O = DigiCert Inc, CN = DigiCert TLS RSA SHA256 2020 CA1
 1 s:C = US, O = DigiCert Inc, CN = DigiCert TLS RSA SHA256 2020 CA1
   i:C = US, O = DigiCert Inc, OU = www.digicert.com, CN = DigiCert Global Root CA
---
Server certificate
-----BEGIN CERTIFICATE-----
MIIGwjCCBaqgAwIBAgIQA6xcoS8YcY6Cfi1teyEzxzANBgkqhkiG9w0BAQsFADBP
MQswCQYDVQQGEwJVUzEVMBMGA1UEChMMRGlnaUNlcnQgSW5jMSkwJwYDVQQDEyBE
aWdpQ2VydCBUTFMgUlNBIFNIQTI1NiAyMDIwIENBMTAeFw0yMTEwMTkwMDAwMDBa
Fw0yMjEwMTkyMzU5NTlaMG0xCzAJBgNVBAYTAk1YMRkwFwYDVQQHExBDaXVkYWQg
RGUgTWV4aWNvMSwwKgYDVQQKEyNTRUNSRVRBUklBIERFIFJFTEFDSU9ORVMgRVhU
RVJJT1JFUzEVMBMGA1UEAwwMKi5zcmUuZ29iLm14MIIBIjANBgkqhkiG9w0BAQEF
AAOCAQ8AMIIBCgKCAQEAykIXQW1JHy2T3UsnaD/kLRKTphX/0JxjL0uaaXAP/wyF
gj6Q8WHc1XyQYMKQQZsSLfrmrY6gLZDOWt9inhW7jNHiQPO5O/1VAsdnOYx8fcC7
2jmUTTnVA4biai/9sW0IbPjrTihmzPhYtSHIAcfazw9QAr7wKOFccNa2I1WTT2py
T91fVHMFMfvVRJNw0OFJmfVKXsROY4OIjbxHjLnxmiCcJmfbhSLY7hEjp5SV7X3A
xQGeOJmt8bHzXC+xSyqoNPR7KiUo5BA8U9zZSRV4x+ReYNq0bWGjUOrzKfwXtupM
MBkISlIWqEK7wyqMJLI2KRIRbYb8UxL4CnoM3VSP8wIDAQABo4IDejCCA3YwHwYD
VR0jBBgwFoAUt2ui6qiqhIx56rTaD5iyxZV2ufQwHQYDVR0OBBYEFMIAkvXb6WSJ
2BXWcXCPGdx2tCjWMCMGA1UdEQQcMBqCDCouc3JlLmdvYi5teIIKc3JlLmdvYi5t
eDAOBgNVHQ8BAf8EBAMCBaAwHQYDVR0lBBYwFAYIKwYBBQUHAwEGCCsGAQUFBwMC
MIGPBgNVHR8EgYcwgYQwQKA+oDyGOmh0dHA6Ly9jcmwzLmRpZ2ljZXJ0LmNvbS9E
aWdpQ2VydFRMU1JTQVNIQTI1NjIwMjBDQTEtNC5jcmwwQKA+oDyGOmh0dHA6Ly9j
cmw0LmRpZ2ljZXJ0LmNvbS9EaWdpQ2VydFRMU1JTQVNIQTI1NjIwMjBDQTEtNC5j
cmwwPgYDVR0gBDcwNTAzBgZngQwBAgIwKTAnBggrBgEFBQcCARYbaHR0cDovL3d3
dy5kaWdpY2VydC5jb20vQ1BTMH8GCCsGAQUFBwEBBHMwcTAkBggrBgEFBQcwAYYY
aHR0cDovL29jc3AuZGlnaWNlcnQuY29tMEkGCCsGAQUFBzAChj1odHRwOi8vY2Fj
ZXJ0cy5kaWdpY2VydC5jb20vRGlnaUNlcnRUTFNSU0FTSEEyNTYyMDIwQ0ExLTEu
Y3J0MAwGA1UdEwEB/wQCMAAwggF9BgorBgEEAdZ5AgQCBIIBbQSCAWkBZwB3ACl5
vvCeOTkh8FZzn2Old+W+V32cYAr4+U1dJlwlXceEAAABfJk4cpAAAAQDAEgwRgIh
ANCNvclIMjKO016Ld1rLLuWrbDKig6C2bhXPVZ1QkwsbAiEA8nyNWD4LDF10xdYn
0BR32v1sYWZONg48cTxahVJIeQAAdQBRo7D1/QF5nFZtuDd4jwykeswbJ8v3nohC
mg3+1IsF5QAAAXyZOHMNAAAEAwBGMEQCIGexOBluepIb5+Fmuefg1hps2SnQgq0z
a2PRmEakjSgxAiBmFrjQ5zP+zEG/nncGg2wx6GPIENA7zYBJtBrUjRZrxQB1AEHI
yrHfIkZKEMahOglCh15OMYsbA+vrS8do8JBilgb2AAABfJk4ct4AAAQDAEYwRAIg
R5cz4YAbJPxIP+971FUVGx4v+zXQtp09fIlOAcbNzuUCIGHE+Y6uCBgj7OkV5nTT
DIwUQfp8ntR3aBdu7ZWqN29WMA0GCSqGSIb3DQEBCwUAA4IBAQCuLEbtzwWwC53m
gCbxaipuFOHt2pE8M0uhZQOuHlDSwIh+ZN2QWI1zOyJRYByHPqY608la5mlWruWI
l6mVVpKQsQDo2PnaafF1fgNxNnBpSkerNLEPFYyUEkUe1fOe0H6ZccaC5a4jIgp3
NmavtVDq5StoaQ7HHyWT0rvTwCh0scFTz7MX/KVhhkAkXBk3LQl6yCCxFLV2QRQK
Zw38DklJnVWUsnnuK9YtQ2AtnEpARkfDU4lCw7/J/5oj9RRjPdmbkD6FpiOnrzk5
Wio4ii3hEeSayg4+AJmDopTfcXQWB6A/R9yMx1LbazFP4ySPGrPBrzegKbeFVXGW
qQk8vwHF
-----END CERTIFICATE-----
subject=C = MX, L = Ciudad De Mexico, O = SECRETARIA DE RELACIONES EXTERIORES, CN = *.sre.gob.mx

issuer=C = US, O = DigiCert Inc, CN = DigiCert TLS RSA SHA256 2020 CA1

---
No client certificate CA names sent
Peer signing digest: SHA256
Peer signature type: RSA
Server Temp Key: ECDH, P-256, 256 bits
---
SSL handshake has read 3464 bytes and written 449 bytes
Verification: OK
---
New, TLSv1.2, Cipher is ECDHE-RSA-AES128-GCM-SHA256
Server public key is 2048 bit
Secure Renegotiation IS supported
Compression: NONE
Expansion: NONE
No ALPN negotiated
SSL-Session:
    Protocol  : TLSv1.2
    Cipher    : ECDHE-RSA-AES128-GCM-SHA256
    Session-ID: 91BDEB4E54B04F6358E4A4519D58D74B3078FAB6728C8B951CF707E42DA8E71A
    Session-ID-ctx: 
    Master-Key: 7E0B0471741AD0502B47B4086BA383FCCA40B4379C13A563B4DCFAC8AFE00808C2660B2EE776EC00FA170EAD27A999EE
    PSK identity: None
    PSK identity hint: None
    SRP username: None
    Start Time: 1644476010
    Timeout   : 7200 (sec)
    Verify return code: 0 (ok)
    Extended master secret: yes
---
---
Certificate chain
 0 s:C = MX, L = Ciudad De Mexico, O = SECRETARIA DE RELACIONES EXTERIORES, CN = *.sre.gob.mx
   i:C = US, O = DigiCert Inc, CN = DigiCert TLS RSA SHA256 2020 CA1
 1 s:C = US, O = DigiCert Inc, CN = DigiCert TLS RSA SHA256 2020 CA1
   i:C = US, O = DigiCert Inc, OU = www.digicert.com, CN = DigiCert Global Root CA
---
Server certificate
-----BEGIN CERTIFICATE-----
MIIGwjCCBaqgAwIBAgIQA6xcoS8YcY6Cfi1teyEzxzANBgkqhkiG9w0BAQsFADBP
MQswCQYDVQQGEwJVUzEVMBMGA1UEChMMRGlnaUNlcnQgSW5jMSkwJwYDVQQDEyBE
aWdpQ2VydCBUTFMgUlNBIFNIQTI1NiAyMDIwIENBMTAeFw0yMTEwMTkwMDAwMDBa
Fw0yMjEwMTkyMzU5NTlaMG0xCzAJBgNVBAYTAk1YMRkwFwYDVQQHExBDaXVkYWQg
RGUgTWV4aWNvMSwwKgYDVQQKEyNTRUNSRVRBUklBIERFIFJFTEFDSU9ORVMgRVhU
RVJJT1JFUzEVMBMGA1UEAwwMKi5zcmUuZ29iLm14MIIBIjANBgkqhkiG9w0BAQEF
AAOCAQ8AMIIBCgKCAQEAykIXQW1JHy2T3UsnaD/kLRKTphX/0JxjL0uaaXAP/wyF
gj6Q8WHc1XyQYMKQQZsSLfrmrY6gLZDOWt9inhW7jNHiQPO5O/1VAsdnOYx8fcC7
2jmUTTnVA4biai/9sW0IbPjrTihmzPhYtSHIAcfazw9QAr7wKOFccNa2I1WTT2py
T91fVHMFMfvVRJNw0OFJmfVKXsROY4OIjbxHjLnxmiCcJmfbhSLY7hEjp5SV7X3A
xQGeOJmt8bHzXC+xSyqoNPR7KiUo5BA8U9zZSRV4x+ReYNq0bWGjUOrzKfwXtupM
MBkISlIWqEK7wyqMJLI2KRIRbYb8UxL4CnoM3VSP8wIDAQABo4IDejCCA3YwHwYD
VR0jBBgwFoAUt2ui6qiqhIx56rTaD5iyxZV2ufQwHQYDVR0OBBYEFMIAkvXb6WSJ
2BXWcXCPGdx2tCjWMCMGA1UdEQQcMBqCDCouc3JlLmdvYi5teIIKc3JlLmdvYi5t
eDAOBgNVHQ8BAf8EBAMCBaAwHQYDVR0lBBYwFAYIKwYBBQUHAwEGCCsGAQUFBwMC
MIGPBgNVHR8EgYcwgYQwQKA+oDyGOmh0dHA6Ly9jcmwzLmRpZ2ljZXJ0LmNvbS9E
aWdpQ2VydFRMU1JTQVNIQTI1NjIwMjBDQTEtNC5jcmwwQKA+oDyGOmh0dHA6Ly9j
cmw0LmRpZ2ljZXJ0LmNvbS9EaWdpQ2VydFRMU1JTQVNIQTI1NjIwMjBDQTEtNC5j
cmwwPgYDVR0gBDcwNTAzBgZngQwBAgIwKTAnBggrBgEFBQcCARYbaHR0cDovL3d3
dy5kaWdpY2VydC5jb20vQ1BTMH8GCCsGAQUFBwEBBHMwcTAkBggrBgEFBQcwAYYY
aHR0cDovL29jc3AuZGlnaWNlcnQuY29tMEkGCCsGAQUFBzAChj1odHRwOi8vY2Fj
ZXJ0cy5kaWdpY2VydC5jb20vRGlnaUNlcnRUTFNSU0FTSEEyNTYyMDIwQ0ExLTEu
Y3J0MAwGA1UdEwEB/wQCMAAwggF9BgorBgEEAdZ5AgQCBIIBbQSCAWkBZwB3ACl5
vvCeOTkh8FZzn2Old+W+V32cYAr4+U1dJlwlXceEAAABfJk4cpAAAAQDAEgwRgIh
ANCNvclIMjKO016Ld1rLLuWrbDKig6C2bhXPVZ1QkwsbAiEA8nyNWD4LDF10xdYn
0BR32v1sYWZONg48cTxahVJIeQAAdQBRo7D1/QF5nFZtuDd4jwykeswbJ8v3nohC
mg3+1IsF5QAAAXyZOHMNAAAEAwBGMEQCIGexOBluepIb5+Fmuefg1hps2SnQgq0z
a2PRmEakjSgxAiBmFrjQ5zP+zEG/nncGg2wx6GPIENA7zYBJtBrUjRZrxQB1AEHI
yrHfIkZKEMahOglCh15OMYsbA+vrS8do8JBilgb2AAABfJk4ct4AAAQDAEYwRAIg
R5cz4YAbJPxIP+971FUVGx4v+zXQtp09fIlOAcbNzuUCIGHE+Y6uCBgj7OkV5nTT
DIwUQfp8ntR3aBdu7ZWqN29WMA0GCSqGSIb3DQEBCwUAA4IBAQCuLEbtzwWwC53m
gCbxaipuFOHt2pE8M0uhZQOuHlDSwIh+ZN2QWI1zOyJRYByHPqY608la5mlWruWI
l6mVVpKQsQDo2PnaafF1fgNxNnBpSkerNLEPFYyUEkUe1fOe0H6ZccaC5a4jIgp3
NmavtVDq5StoaQ7HHyWT0rvTwCh0scFTz7MX/KVhhkAkXBk3LQl6yCCxFLV2QRQK
Zw38DklJnVWUsnnuK9YtQ2AtnEpARkfDU4lCw7/J/5oj9RRjPdmbkD6FpiOnrzk5
Wio4ii3hEeSayg4+AJmDopTfcXQWB6A/R9yMx1LbazFP4ySPGrPBrzegKbeFVXGW
qQk8vwHF
-----END CERTIFICATE-----
subject=C = MX, L = Ciudad De Mexico, O = SECRETARIA DE RELACIONES EXTERIORES, CN = *.sre.gob.mx

issuer=C = US, O = DigiCert Inc, CN = DigiCert TLS RSA SHA256 2020 CA1

---
No client certificate CA names sent
Peer signing digest: SHA256
Peer signature type: RSA
Server Temp Key: ECDH, P-256, 256 bits
---
SSL handshake has read 7072 bytes and written 917 bytes
Verification: OK
---
New, TLSv1.2, Cipher is ECDHE-RSA-AES128-GCM-SHA256
Server public key is 2048 bit
Secure Renegotiation IS supported
Compression: NONE
Expansion: NONE
No ALPN negotiated
SSL-Session:
    Protocol  : TLSv1.2
    Cipher    : ECDHE-RSA-AES128-GCM-SHA256
    Session-ID: 8521FE538954A2A7CDC9DEDD517CAB0F06040E8A8E2867D1A8DB9368E1CCBBDE
    Session-ID-ctx: 
    Master-Key: 631DDBD8E4C4A63DE43D61C9A5E2982D3F2EFCEA44F9797450EF8D698D7C05B6F1D29C48377C30765ED95EFA9EF1D462
    PSK identity: None
    PSK identity hint: None
    SRP username: None
    Start Time: 1644476010
    Timeout   : 7200 (sec)
    Verify return code: 0 (ok)
    Extended master secret: yes
---
