Version: [32m2.0.11-static[0m
OpenSSL 1.1.1n-dev  xx XXX xxxx
[0m
[32mConnected to 172.18.217.24[0m

Testing SSL server [32mportalesqa.sre.gob.mx[0m on port [32m443[0m using SNI name [32mportalesqa.sre.gob.mx[0m

  [1;34mSSL/TLS Protocols:[0m
SSLv2     [32mdisabled[0m
SSLv3     [32mdisabled[0m
TLSv1.0   [32mdisabled[0m
TLSv1.1   [32mdisabled[0m
TLSv1.2   enabled
TLSv1.3   [33mdisabled[0m

  [1;34mTLS Fallback SCSV:[0m
Server [32msupports[0m TLS Fallback SCSV

  [1;34mTLS renegotiation:[0m
Session renegotiation [32mnot supported[0m

  [1;34mTLS Compression:[0m
Compression [32mdisabled[0m

  [1;34mHeartbleed:[0m
TLSv1.2 [32mnot vulnerable[0m to heartbleed

  [1;34mSupported Server Cipher(s):[0m
[32mPreferred[0m TLSv1.2  [32m128[0m bits  [32mECDHE-RSA-AES128-GCM-SHA256  [0m Curve P-256 DHE 256
Accepted  TLSv1.2  [32m128[0m bits  ECDHE-RSA-AES128-SHA          Curve P-256 DHE 256
Accepted  TLSv1.2  [32m128[0m bits  ECDHE-RSA-AES128-SHA256       Curve P-256 DHE 256
Accepted  TLSv1.2  [32m256[0m bits  [32mECDHE-RSA-AES256-GCM-SHA384  [0m Curve P-256 DHE 256
Accepted  TLSv1.2  [32m256[0m bits  ECDHE-RSA-AES256-SHA          Curve P-256 DHE 256
Accepted  TLSv1.2  [32m256[0m bits  ECDHE-RSA-AES256-SHA384       Curve P-256 DHE 256
Accepted  TLSv1.2  [32m128[0m bits  AES128-GCM-SHA256            
Accepted  TLSv1.2  [32m128[0m bits  AES128-SHA                   
Accepted  TLSv1.2  [32m128[0m bits  AES128-SHA256                
Accepted  TLSv1.2  [32m256[0m bits  AES256-GCM-SHA384            
Accepted  TLSv1.2  [32m256[0m bits  AES256-SHA                   
Accepted  TLSv1.2  [32m256[0m bits  AES256-SHA256                
Accepted  TLSv1.2  [32m128[0m bits  CAMELLIA128-SHA              
Accepted  TLSv1.2  [32m256[0m bits  CAMELLIA256-SHA              
Accepted  TLSv1.2  [32m128[0m bits  [32mDHE-RSA-AES128-GCM-SHA256    [0m DHE [33m1024[0m bits
Accepted  TLSv1.2  [32m128[0m bits  DHE-RSA-AES128-SHA            DHE [33m1024[0m bits
Accepted  TLSv1.2  [32m128[0m bits  DHE-RSA-AES128-SHA256         DHE [33m1024[0m bits
Accepted  TLSv1.2  [32m256[0m bits  [32mDHE-RSA-AES256-GCM-SHA384    [0m DHE [33m1024[0m bits
Accepted  TLSv1.2  [32m256[0m bits  DHE-RSA-AES256-SHA            DHE [33m1024[0m bits
Accepted  TLSv1.2  [32m256[0m bits  DHE-RSA-AES256-SHA256         DHE [33m1024[0m bits
Accepted  TLSv1.2  [32m128[0m bits  DHE-RSA-CAMELLIA128-SHA       DHE [33m1024[0m bits
Accepted  TLSv1.2  [32m256[0m bits  DHE-RSA-CAMELLIA256-SHA       DHE [33m1024[0m bits

  [1;34mServer Key Exchange Group(s):[0m
TLSv1.2  [32m128[0m bits  secp256r1 (NIST P-256)[0m
TLSv1.2  [32m192[0m bits  secp384r1 (NIST P-384)[0m
TLSv1.2  [32m128[0m bits  [32mx25519[0m

  [1;34mSSL Certificate:[0m
Signature Algorithm: [32msha256WithRSAEncryption[0m
RSA Key Strength:    2048

Subject:  *.sre.gob.mx
Altnames: DNS:*.sre.gob.mx, DNS:sre.gob.mx
Issuer:   DigiCert TLS RSA SHA256 2020 CA1

Not valid before: [32mOct 19 00:00:00 2021 GMT[0m
Not valid after:  [32mOct 19 23:59:59 2022 GMT[0m
